<?xml version="1.0" encoding="UTF-8"?>
<!-- Generated by org.testng.reporters.JUnitXMLReporter -->
<testsuite ignored="0" hostname="Hemanth" failures="1" tests="1" name="Test" time="46.382" errors="0" timestamp="2024-12-15T20:39:51 IST">
  <testcase classname="testCases.TC_006_EndToEndTest" name="endToendTest" time="40.28">
    <failure type="java.lang.AssertionError" message="The following asserts failed:
	expected [$244.00] but found [$205.00]">
      <![CDATA[java.lang.AssertionError: The following asserts failed:
expected [$244.00] but found [$205.00]
at testCases.TC_006_EndToEndTest.endToendTest(TC_006_EndToEndTest.java:147)
at java.base/java.util.ArrayList.forEach(ArrayList.java:1596)
... Removed 27 stack frames]]>
    </failure>
  </testcase> <!-- endToendTest -->
</testsuite> <!-- Test -->
